nohup: ignoring input
[26/03/2025 00:17:07] Début d'un nouveau cycle.
[26/03/2025 00:17:07] Traitement de l'URL: https://www.e.leclerc/of/apple-iphone-16-15-5-cm-6-1-double-sim-ios-18-5g-usb-type-c-512-go-noir-0195949823763
[26/03/2025 00:17:16] Contenu HTML sauvegardé pour l'URL: https://www.e.leclerc/of/apple-iphone-16-15-5-cm-6-1-double-sim-ios-18-5g-usb-type-c-512-go-noir-0195949823763
[26/03/2025 00:17:17] Détails des produits écrits dans le CSV.
[26/03/2025 00:17:17] Traitement de l'URL: https://www.e.leclerc/of/apple-iphone-16-15-5-cm-6-1-double-sim-ios-18-5g-usb-type-c-256-go-noir-0195949822865
[26/03/2025 00:17:26] Contenu HTML sauvegardé pour l'URL: https://www.e.leclerc/of/apple-iphone-16-15-5-cm-6-1-double-sim-ios-18-5g-usb-type-c-256-go-noir-0195949822865
[26/03/2025 00:17:27] Détails des produits écrits dans le CSV.
[26/03/2025 00:17:27] Traitement de l'URL: https://www.e.leclerc/fp/apple-iphone-16-15-5-cm-6-1-double-sim-ios-18-5g-usb-type-c-128-go-noir-0195949821967
[26/03/2025 00:17:36] Contenu HTML sauvegardé pour l'URL: https://www.e.leclerc/fp/apple-iphone-16-15-5-cm-6-1-double-sim-ios-18-5g-usb-type-c-128-go-noir-0195949821967
[26/03/2025 00:17:37] Détails des produits écrits dans le CSV.
[26/03/2025 00:17:37] Traitement de l'URL: https://www.e.leclerc/of/apple-iphone-16-plus-17-cm-6-7-double-sim-ios-18-5g-usb-type-c-512-go-noir-0195949724169
[26/03/2025 00:17:45] Contenu HTML sauvegardé pour l'URL: https://www.e.leclerc/of/apple-iphone-16-plus-17-cm-6-7-double-sim-ios-18-5g-usb-type-c-512-go-noir-0195949724169
[26/03/2025 00:17:46] Détails des produits écrits dans le CSV.
[26/03/2025 00:17:46] Traitement de l'URL: https://www.e.leclerc/of/apple-iphone-16-plus-17-cm-6-7-double-sim-ios-18-5g-usb-type-c-256-go-noir-0195949723216
[26/03/2025 00:17:55] Contenu HTML sauvegardé pour l'URL: https://www.e.leclerc/of/apple-iphone-16-plus-17-cm-6-7-double-sim-ios-18-5g-usb-type-c-256-go-noir-0195949723216
[26/03/2025 00:17:55] Détails des produits écrits dans le CSV.
[26/03/2025 00:17:55] Traitement de l'URL: https://www.e.leclerc/of/apple-iphone-16-plus-17-cm-6-7-double-sim-ios-18-5g-usb-type-c-128-go-noir-0195949722264
[26/03/2025 00:18:04] Contenu HTML sauvegardé pour l'URL: https://www.e.leclerc/of/apple-iphone-16-plus-17-cm-6-7-double-sim-ios-18-5g-usb-type-c-128-go-noir-0195949722264
[26/03/2025 00:18:05] Détails des produits écrits dans le CSV.
[26/03/2025 00:18:05] Traitement de l'URL: https://www.e.leclerc/of/apple-iphone-16-pro-16-cm-6-3-double-sim-ios-18-5g-usb-type-c-1-to-noir-0195949773488
[26/03/2025 00:18:17] Contenu HTML sauvegardé pour l'URL: https://www.e.leclerc/of/apple-iphone-16-pro-16-cm-6-3-double-sim-ios-18-5g-usb-type-c-1-to-noir-0195949773488
[26/03/2025 00:18:17] Détails des produits écrits dans le CSV.
[26/03/2025 00:18:17] Traitement de l'URL: https://www.e.leclerc/fp/apple-iphone-15-15-5-cm-6-1-double-sim-ios-17-5g-usb-type-c-512-go-noir-0195949037795?offer_id=72931002
[26/03/2025 00:18:26] Contenu HTML sauvegardé pour l'URL: https://www.e.leclerc/fp/apple-iphone-15-15-5-cm-6-1-double-sim-ios-17-5g-usb-type-c-512-go-noir-0195949037795?offer_id=72931002
[26/03/2025 00:18:27] Détails des produits écrits dans le CSV.
[26/03/2025 00:18:27] Traitement de l'URL: https://www.e.leclerc/of/smartphone-apple-iphone-15-256gb-noir-0195949036965
[26/03/2025 00:18:38] Contenu HTML sauvegardé pour l'URL: https://www.e.leclerc/of/smartphone-apple-iphone-15-256gb-noir-0195949036965
[26/03/2025 00:18:39] Détails des produits écrits dans le CSV.
[26/03/2025 00:18:39] Traitement de l'URL: https://www.e.leclerc/of/smartphone-apple-iphone-15-128gb-noir-0195949036064
[26/03/2025 00:18:49] Contenu HTML sauvegardé pour l'URL: https://www.e.leclerc/of/smartphone-apple-iphone-15-128gb-noir-0195949036064
[26/03/2025 00:18:50] Détails des produits écrits dans le CSV.
[26/03/2025 00:18:50] Traitement de l'URL: https://www.e.leclerc/of/apple-iphone-14-15-5-cm-6-1-double-sim-ios-17-5g-512-go-noir-0194253411550
[26/03/2025 00:19:00] Contenu HTML sauvegardé pour l'URL: https://www.e.leclerc/of/apple-iphone-14-15-5-cm-6-1-double-sim-ios-17-5g-512-go-noir-0194253411550
[26/03/2025 00:19:01] Détails des produits écrits dans le CSV.
[26/03/2025 00:19:01] Traitement de l'URL: https://www.e.leclerc/of/smartphone-apple-iphone-14-256go-noir-midnight-0194253409908
[26/03/2025 00:19:10] Contenu HTML sauvegardé pour l'URL: https://www.e.leclerc/of/smartphone-apple-iphone-14-256go-noir-midnight-0194253409908
[26/03/2025 00:19:11] Détails des produits écrits dans le CSV.
[26/03/2025 00:19:11] Cycle terminé. En attente de 10.0 minutes.
[26/03/2025 00:29:11] Début d'un nouveau cycle.
[26/03/2025 00:29:11] Traitement de l'URL: https://www.e.leclerc/of/apple-iphone-16-15-5-cm-6-1-double-sim-ios-18-5g-usb-type-c-512-go-noir-0195949823763
[26/03/2025 00:29:20] Contenu HTML sauvegardé pour l'URL: https://www.e.leclerc/of/apple-iphone-16-15-5-cm-6-1-double-sim-ios-18-5g-usb-type-c-512-go-noir-0195949823763
[26/03/2025 00:29:21] Détails des produits écrits dans le CSV.
[26/03/2025 00:29:21] Traitement de l'URL: https://www.e.leclerc/of/apple-iphone-16-15-5-cm-6-1-double-sim-ios-18-5g-usb-type-c-256-go-noir-0195949822865
[26/03/2025 00:29:31] Contenu HTML sauvegardé pour l'URL: https://www.e.leclerc/of/apple-iphone-16-15-5-cm-6-1-double-sim-ios-18-5g-usb-type-c-256-go-noir-0195949822865
[26/03/2025 00:29:32] Détails des produits écrits dans le CSV.
[26/03/2025 00:29:32] Traitement de l'URL: https://www.e.leclerc/fp/apple-iphone-16-15-5-cm-6-1-double-sim-ios-18-5g-usb-type-c-128-go-noir-0195949821967
[26/03/2025 00:29:41] Contenu HTML sauvegardé pour l'URL: https://www.e.leclerc/fp/apple-iphone-16-15-5-cm-6-1-double-sim-ios-18-5g-usb-type-c-128-go-noir-0195949821967
[26/03/2025 00:29:41] Détails des produits écrits dans le CSV.
[26/03/2025 00:29:41] Traitement de l'URL: https://www.e.leclerc/of/apple-iphone-16-plus-17-cm-6-7-double-sim-ios-18-5g-usb-type-c-512-go-noir-0195949724169
[26/03/2025 00:29:51] Contenu HTML sauvegardé pour l'URL: https://www.e.leclerc/of/apple-iphone-16-plus-17-cm-6-7-double-sim-ios-18-5g-usb-type-c-512-go-noir-0195949724169
[26/03/2025 00:29:51] Détails des produits écrits dans le CSV.
[26/03/2025 00:29:51] Traitement de l'URL: https://www.e.leclerc/of/apple-iphone-16-plus-17-cm-6-7-double-sim-ios-18-5g-usb-type-c-256-go-noir-0195949723216
[26/03/2025 00:30:00] Contenu HTML sauvegardé pour l'URL: https://www.e.leclerc/of/apple-iphone-16-plus-17-cm-6-7-double-sim-ios-18-5g-usb-type-c-256-go-noir-0195949723216
[26/03/2025 00:30:01] Détails des produits écrits dans le CSV.
[26/03/2025 00:30:01] Traitement de l'URL: https://www.e.leclerc/of/apple-iphone-16-plus-17-cm-6-7-double-sim-ios-18-5g-usb-type-c-128-go-noir-0195949722264
[26/03/2025 00:30:10] Contenu HTML sauvegardé pour l'URL: https://www.e.leclerc/of/apple-iphone-16-plus-17-cm-6-7-double-sim-ios-18-5g-usb-type-c-128-go-noir-0195949722264
[26/03/2025 00:30:12] Détails des produits écrits dans le CSV.
[26/03/2025 00:30:12] Traitement de l'URL: https://www.e.leclerc/of/apple-iphone-16-pro-16-cm-6-3-double-sim-ios-18-5g-usb-type-c-1-to-noir-0195949773488
[26/03/2025 00:30:21] Contenu HTML sauvegardé pour l'URL: https://www.e.leclerc/of/apple-iphone-16-pro-16-cm-6-3-double-sim-ios-18-5g-usb-type-c-1-to-noir-0195949773488
[26/03/2025 00:30:22] Détails des produits écrits dans le CSV.
[26/03/2025 00:30:22] Traitement de l'URL: https://www.e.leclerc/fp/apple-iphone-15-15-5-cm-6-1-double-sim-ios-17-5g-usb-type-c-512-go-noir-0195949037795?offer_id=72931002
[26/03/2025 00:30:31] Contenu HTML sauvegardé pour l'URL: https://www.e.leclerc/fp/apple-iphone-15-15-5-cm-6-1-double-sim-ios-17-5g-usb-type-c-512-go-noir-0195949037795?offer_id=72931002
[26/03/2025 00:30:31] Détails des produits écrits dans le CSV.
[26/03/2025 00:30:31] Traitement de l'URL: https://www.e.leclerc/of/smartphone-apple-iphone-15-256gb-noir-0195949036965
[26/03/2025 00:30:40] Contenu HTML sauvegardé pour l'URL: https://www.e.leclerc/of/smartphone-apple-iphone-15-256gb-noir-0195949036965
[26/03/2025 00:30:41] Détails des produits écrits dans le CSV.
[26/03/2025 00:30:41] Traitement de l'URL: https://www.e.leclerc/of/smartphone-apple-iphone-15-128gb-noir-0195949036064