nohup: ignoring input
Dash is running on http://157.159.195.72:8050/

 * Serving Flask app 'visualise_data_leclerc'
 * Debug mode: on
File /home/scraping/algo_scraping/LECLERC/product_details.csv changed, reloading data...
File /home/scraping/algo_scraping/LECLERC/product_details.csv changed, reloading data...
File /home/scraping/algo_scraping/LECLERC/product_details.csv changed, reloading data...
File /home/scraping/algo_scraping/LECLERC/product_details.csv changed, reloading data...
File /home/scraping/algo_scraping/LECLERC/product_details.csv changed, reloading data...
File /home/scraping/algo_scraping/LECLERC/product_details.csv changed, reloading data...
File /home/scraping/algo_scraping/LECLERC/product_details.csv changed, reloading data...
File /home/scraping/algo_scraping/LECLERC/product_details.csv changed, reloading data...
File /home/scraping/algo_scraping/LECLERC/product_details.csv changed, reloading data...
File /home/scraping/algo_scraping/LECLERC/product_details.csv changed, reloading data...
File /home/scraping/algo_scraping/LECLERC/product_details.csv changed, reloading data...
File /home/scraping/algo_scraping/LECLERC/product_details.csv changed, reloading data...
File /home/scraping/algo_scraping/LECLERC/product_details.csv changed, reloading data...
File /home/scraping/algo_scraping/LECLERC/product_details.csv changed, reloading data...
File /home/scraping/algo_scraping/LECLERC/product_details.csv changed, reloading data...
File /home/scraping/algo_scraping/LECLERC/product_details.csv changed, reloading data...
File /home/scraping/algo_scraping/LECLERC/product_details.csv changed, reloading data...
File /home/scraping/algo_scraping/LECLERC/product_details.csv changed, reloading data...
File /home/scraping/algo_scraping/LECLERC/product_details.csv changed, reloading data...
File /home/scraping/algo_scraping/LECLERC/product_details.csv changed, reloading data...
File /home/scraping/algo_scraping/LECLERC/product_details.csv changed, reloading data...
File /home/scraping/algo_scraping/LECLERC/product_details.csv changed, reloading data...
File /home/scraping/algo_scraping/LECLERC/product_details.csv changed, reloading data...
File /home/scraping/algo_scraping/LECLERC/product_details.csv changed, reloading data...
File /home/scraping/algo_scraping/LECLERC/product_details.csv changed, reloading data...
File /home/scraping/algo_scraping/LECLERC/product_details.csv changed, reloading data...
File /home/scraping/algo_scraping/LECLERC/product_details.csv changed, reloading data...
File /home/scraping/algo_scraping/LECLERC/product_details.csv changed, reloading data...
File /home/scraping/algo_scraping/LECLERC/product_details.csv changed, reloading data...
File /home/scraping/algo_scraping/LECLERC/product_details.csv changed, reloading data...
File /home/scraping/algo_scraping/LECLERC/product_details.csv changed, reloading data...
